Build started 6/1/2015 4:56:47 PM.
     1>Project "C:\Users\gbrill\Source\Repos\SpaceMouse\Win32Project1\Win32Project1.vcxproj" on node 2 (Build target(s)).
     1>C:\Program Files (x86)\MSBuild\Microsoft.Cpp\v4.0\V120\Microsoft.CppBuild.targets(388,5): warning MSB8028: The intermediate directory (Debug\) contains files shared from another project (Win32Project1.vcxproj).  This can lead to incorrect clean and rebuild behavior.
     1>ClCompile:
         C:\Program Files (x86)\Microsoft Visual Studio 12.0\VC\bin\CL.exe /c /ZI /nologo /W3 /WX- /sdl /Od /Oy- /D WIN32 /D _DEBUG /D _WINDOWS /D _CRT_SECURE_NO_WARNINGS /D _MBCS /Gm /EHsc /RTC1 /MDd /GS /fp:precise /Zc:wchar_t /Zc:forScope /Yu"stdafx.h" /Fp"Debug\SpacePilotDaemon.pch" /Fo"Debug\\" /Fd"Debug\vc120.pdb" /Gd /TP /analyze- /errorReport:prompt manip_SpaceMouse.cpp
         manip_SpaceMouse.cpp
     1>c:\users\gbrill\source\repos\spacemouse\win32project1\manip_spacemouse.cpp(221): warning C4101: 'ia' : unreferenced local variable
     1>c:\users\gbrill\source\repos\spacemouse\win32project1\manip_spacemouse.cpp(302): warning C4101: 'Z' : unreferenced local variable
     1>c:\users\gbrill\source\repos\spacemouse\win32project1\manip_spacemouse.cpp(302): warning C4101: 'ZR' : unreferenced local variable
     1>c:\users\gbrill\source\repos\spacemouse\win32project1\manip_spacemouse.cpp(302): warning C4101: 'XR' : unreferenced local variable
     1>c:\users\gbrill\source\repos\spacemouse\win32project1\manip_spacemouse.cpp(302): warning C4101: 'Y' : unreferenced local variable
     1>c:\users\gbrill\source\repos\spacemouse\win32project1\manip_spacemouse.cpp(302): warning C4101: 'X' : unreferenced local variable
     1>c:\users\gbrill\source\repos\spacemouse\win32project1\manip_spacemouse.cpp(411): warning C4101: 'count' : unreferenced local variable
       Link:
         C:\Program Files (x86)\Microsoft Visual Studio 12.0\VC\bin\link.exe /ERRORREPORT:PROMPT /OUT:"C:\Users\gbrill\Source\Repos\SpaceMouse\Debug\SpacePilotDaemon.exe" /INCREMENTAL /NOLOGO Winmm.lib kernel32.lib user32.lib gdi32.lib winspool.lib comdlg32.lib advapi32.lib shell32.lib ole32.lib oleaut32.lib uuid.lib odbc32.lib odbccp32.lib /MANIFEST /MANIFESTUAC:"level='asInvoker' uiAccess='false'" /manifest:embed /DEBUG /PDB:"C:\Users\gbrill\Source\Repos\SpaceMouse\Debug\SpacePilotDaemon.pdb" /SUBSYSTEM:WINDOWS /TLBID:1 /DYNAMICBASE /NXCOMPAT /IMPLIB:"C:\Users\gbrill\Source\Repos\SpaceMouse\Debug\SpacePilotDaemon.lib" /MACHINE:X86 Debug\Win32Project1.res
         Debug\manip_SpaceMouse.obj
         Debug\stdafx.obj
         Debug\vJoyFeeder.obj
         Debug\Win32Project1.obj
         Win32Project1.vcxproj -> C:\Users\gbrill\Source\Repos\SpaceMouse\Debug\SpacePilotDaemon.exe
     1>Done Building Project "C:\Users\gbrill\Source\Repos\SpaceMouse\Win32Project1\Win32Project1.vcxproj" (Build target(s)).

Build succeeded.

Time Elapsed 00:00:00.50
